[main] INFO nopCommere - **************Lunching URL*********
[main] INFO nopCommere - **************Openning URL*********
[main] INFO nopCommere - **************Providing login details*********
[main] INFO nopCommere - **************Started Loging*********
[main] INFO nopCommere - **************Adding new customer *********
[main] INFO nopCommere - **************Providing customer detail*********
[main] INFO nopCommere - **************Saving custuomer data*********
[main] INFO nopCommere - **************closing browser*********
[main] INFO nopCommere - **************Lunching URL*********
[main] INFO nopCommere - **************Openning URL*********
[main] INFO nopCommere - **************Providing login details*********
[main] INFO nopCommere - **************Started Loging*********
[main] INFO nopCommere - **************Serching cutomer by ID*********
[main] INFO nopCommere - **************closing browser*********
[main] INFO nopCommere - **************Lunching URL*********
[main] INFO nopCommere - **************Openning URL*********
[main] INFO nopCommere - **************Providing login details*********
[main] INFO nopCommere - **************Started Loging*********
[main] INFO nopCommere - **************Serching cutomer by name*********
[main] INFO nopCommere - **************closing browser*********
[main] INFO nopCommere - **************Lunching URL*********
[main] INFO nopCommere - **************Openning URL*********
[main] INFO nopCommere - **************Providing login details*********
[main] INFO nopCommere - **************Started Loging*********
[main] INFO nopCommere - **************Logging failed*********
[main] INFO nopCommere - **************Click on logout link*********
[main] INFO nopCommere - **************Logging failed*********
[main] INFO nopCommere - **************closing browser*********
[main] INFO nopCommere - **************Lunching URL*********
[main] INFO nopCommere - **************Openning URL*********
[main] INFO nopCommere - **************Providing login details*********
[main] INFO nopCommere - **************Started Loging*********
[main] INFO nopCommere - **************Logging failed*********
[main] INFO nopCommere - **************Click on logout link*********
[main] INFO nopCommere - **************Logging failed*********
[main] INFO nopCommere - **************closing browser*********
[main] INFO nopCommere - **************Lunching URL*********
[main] INFO nopCommere - **************Openning URL*********
[main] INFO nopCommere - **************Providing login details*********
[main] INFO nopCommere - **************Started Loging*********
[main] INFO nopCommere - **************Logginf passed*********
2023-04-06 22:21:26,522 [main] INFO nopCommere - **************Lunching URL*********
2023-04-06 22:21:26,535 [main] INFO nopCommere - **************Openning URL*********
2023-04-06 22:21:27,484 [main] INFO nopCommere - **************Providing login details*********
2023-04-06 22:21:27,581 [main] INFO nopCommere - **************Started Loging*********
2023-04-06 22:21:43,115 [main] INFO nopCommere - **************Adding new customer *********
2023-04-06 22:21:43,115 [main] INFO nopCommere - **************Providing customer detail*********
2023-04-06 22:21:49,497 [main] INFO nopCommere - **************Saving custuomer data*********
2023-04-06 22:21:52,387 [main] INFO nopCommere - **************closing browser*********
2023-04-06 22:21:54,823 [main] INFO nopCommere - **************Lunching URL*********
2023-04-06 22:21:54,824 [main] INFO nopCommere - **************Openning URL*********
2023-04-06 22:21:55,308 [main] INFO nopCommere - **************Providing login details*********
2023-04-06 22:21:55,402 [main] INFO nopCommere - **************Started Loging*********
2023-04-06 22:22:04,066 [main] INFO nopCommere - **************Serching cutomer by ID*********
2023-04-06 22:22:07,184 [main] INFO nopCommere - **************closing browser*********
2023-04-06 22:22:09,584 [main] INFO nopCommere - **************Lunching URL*********
2023-04-06 22:22:09,585 [main] INFO nopCommere - **************Openning URL*********
2023-04-06 22:22:10,053 [main] INFO nopCommere - **************Providing login details*********
2023-04-06 22:22:10,148 [main] INFO nopCommere - **************Started Loging*********
2023-04-06 22:22:18,117 [main] INFO nopCommere - **************Serching cutomer by name*********
2023-04-06 22:22:21,276 [main] INFO nopCommere - **************closing browser*********
2023-04-06 22:22:23,694 [main] INFO nopCommere - **************Lunching URL*********
2023-04-06 22:22:23,695 [main] INFO nopCommere - **************Openning URL*********
2023-04-06 22:22:24,172 [main] INFO nopCommere - **************Providing login details*********
2023-04-06 22:22:24,264 [main] INFO nopCommere - **************Started Loging*********
2023-04-06 22:22:26,407 [main] INFO nopCommere - **************Logging failed*********
2023-04-06 22:22:29,417 [main] INFO nopCommere - **************Click on logout link*********
2023-04-06 22:22:33,425 [main] INFO nopCommere - **************Logging failed*********
2023-04-06 22:22:36,430 [main] INFO nopCommere - **************closing browser*********
2023-04-06 22:22:38,841 [main] INFO nopCommere - **************Lunching URL*********
2023-04-06 22:22:38,841 [main] INFO nopCommere - **************Openning URL*********
2023-04-06 22:22:39,841 [main] INFO nopCommere - **************Providing login details*********
2023-04-06 22:22:39,931 [main] INFO nopCommere - **************Started Loging*********
2023-04-06 22:22:42,036 [main] INFO nopCommere - **************Logging failed*********
2023-04-06 22:22:45,040 [main] INFO nopCommere - **************Click on logout link*********
2023-04-06 22:22:48,865 [main] INFO nopCommere - **************Logging failed*********
2023-04-06 22:22:51,879 [main] INFO nopCommere - **************closing browser*********
2023-04-06 22:22:54,333 [main] INFO nopCommere - **************Lunching URL*********
2023-04-06 22:22:54,333 [main] INFO nopCommere - **************Openning URL*********
2023-04-06 22:22:55,251 [main] INFO nopCommere - **************Providing login details*********
2023-04-06 22:22:55,340 [main] INFO nopCommere - **************Started Loging*********
2023-04-06 22:22:56,137 [main] INFO nopCommere - **************Logginf passed*********
2023-04-07 00:04:31,528 [main] INFO nopCommere - **************Lunching URL*********
2023-04-07 00:04:31,543 [main] INFO nopCommere - **************Openning URL*********
2023-04-07 00:04:32,491 [main] INFO nopCommere - **************Providing login details*********
2023-04-07 00:04:32,594 [main] INFO nopCommere - **************Started Loging*********
2023-04-07 00:04:48,035 [main] INFO nopCommere - **************Adding new customer *********
2023-04-07 00:04:48,035 [main] INFO nopCommere - **************Providing customer detail*********
2023-04-07 00:04:54,419 [main] INFO nopCommere - **************Saving custuomer data*********
2023-04-07 00:04:57,351 [main] INFO nopCommere - **************closing browser*********
2023-04-07 00:04:58,107 [main] INFO nopCommere - **************Lunching URL*********
2023-04-07 00:04:58,110 [main] INFO nopCommere - **************Openning URL*********
2023-04-07 00:04:59,039 [main] INFO nopCommere - **************Providing login details*********
2023-04-07 00:04:59,133 [main] INFO nopCommere - **************Started Loging*********
2023-04-07 00:05:07,851 [main] INFO nopCommere - **************Serching cutomer by ID*********
2023-04-07 00:05:10,966 [main] INFO nopCommere - **************closing browser*********
2023-04-07 00:05:11,723 [main] INFO nopCommere - **************Lunching URL*********
2023-04-07 00:05:11,724 [main] INFO nopCommere - **************Openning URL*********
2023-04-07 00:05:12,627 [main] INFO nopCommere - **************Providing login details*********
2023-04-07 00:05:12,720 [main] INFO nopCommere - **************Started Loging*********
2023-04-07 00:05:21,476 [main] INFO nopCommere - **************Serching cutomer by name*********
2023-04-07 00:05:24,642 [main] INFO nopCommere - **************closing browser*********
2023-04-07 00:06:29,330 [main] INFO nopCommere - **************Lunching URL*********
2023-04-07 00:06:29,345 [main] INFO nopCommere - **************Openning URL*********
2023-04-07 00:06:30,792 [main] INFO nopCommere - **************Providing login details*********
2023-04-07 00:06:30,862 [main] INFO nopCommere - **************Started Loging*********
2023-04-07 00:06:44,475 [main] INFO nopCommere - **************Lunching URL*********
2023-04-07 00:06:44,477 [main] INFO nopCommere - **************Openning URL*********
2023-04-07 00:06:45,424 [main] INFO nopCommere - **************Providing login details*********
2023-04-07 00:06:45,469 [main] INFO nopCommere - **************Started Loging*********
2023-04-07 00:06:53,401 [main] INFO nopCommere - **************Serching cutomer by ID*********
2023-04-07 00:06:57,186 [main] INFO nopCommere - **************closing browser*********
2023-04-07 00:06:59,280 [main] INFO nopCommere - **************Lunching URL*********
2023-04-07 00:06:59,281 [main] INFO nopCommere - **************Openning URL*********
2023-04-07 00:07:00,240 [main] INFO nopCommere - **************Providing login details*********
2023-04-07 00:07:00,282 [main] INFO nopCommere - **************Started Loging*********
2023-04-07 00:07:09,274 [main] INFO nopCommere - **************Serching cutomer by name*********
2023-04-07 00:07:13,084 [main] INFO nopCommere - **************closing browser*********
2023-04-07 00:09:35,496 [main] INFO nopCommere - **************Lunching URL*********
2023-04-07 00:09:35,509 [main] INFO nopCommere - **************Openning URL*********
2023-04-07 00:09:36,741 [main] INFO nopCommere - **************Providing login details*********
2023-04-07 00:09:36,844 [main] INFO nopCommere - **************Started Loging*********
2023-04-07 00:09:53,315 [main] INFO nopCommere - **************Adding new customer *********
2023-04-07 00:09:53,315 [main] INFO nopCommere - **************Providing customer detail*********
2023-04-07 00:09:59,683 [main] INFO nopCommere - **************Saving custuomer data*********
2023-04-07 00:10:02,615 [main] INFO nopCommere - **************closing browser*********
2023-04-07 00:10:03,369 [main] INFO nopCommere - **************Lunching URL*********
2023-04-07 00:10:03,373 [main] INFO nopCommere - **************Openning URL*********
2023-04-07 00:10:04,329 [main] INFO nopCommere - **************Providing login details*********
2023-04-07 00:10:04,423 [main] INFO nopCommere - **************Started Loging*********
2023-04-07 00:10:12,367 [main] INFO nopCommere - **************Serching cutomer by ID*********
2023-04-07 00:10:15,477 [main] INFO nopCommere - **************closing browser*********
2023-04-07 00:10:16,220 [main] INFO nopCommere - **************Lunching URL*********
2023-04-07 00:10:16,221 [main] INFO nopCommere - **************Openning URL*********
2023-04-07 00:10:17,127 [main] INFO nopCommere - **************Providing login details*********
2023-04-07 00:10:17,220 [main] INFO nopCommere - **************Started Loging*********
2023-04-07 00:10:25,964 [main] INFO nopCommere - **************Serching cutomer by name*********
2023-04-07 00:10:29,128 [main] INFO nopCommere - **************closing browser*********
2023-04-07 00:11:32,181 [main] INFO nopCommere - **************Lunching URL*********
2023-04-07 00:11:32,192 [main] INFO nopCommere - **************Openning URL*********
2023-04-07 00:11:33,591 [main] INFO nopCommere - **************Providing login details*********
2023-04-07 00:11:33,636 [main] INFO nopCommere - **************Started Loging*********
2023-04-07 00:11:46,750 [main] INFO nopCommere - **************Lunching URL*********
2023-04-07 00:11:46,752 [main] INFO nopCommere - **************Openning URL*********
2023-04-07 00:11:47,723 [main] INFO nopCommere - **************Providing login details*********
2023-04-07 00:11:47,765 [main] INFO nopCommere - **************Started Loging*********
2023-04-07 00:11:56,557 [main] INFO nopCommere - **************Serching cutomer by ID*********
2023-04-07 00:12:00,355 [main] INFO nopCommere - **************closing browser*********
2023-04-07 00:12:02,113 [main] INFO nopCommere - **************Lunching URL*********
2023-04-07 00:12:02,114 [main] INFO nopCommere - **************Openning URL*********
2023-04-07 00:12:02,922 [main] INFO nopCommere - **************Providing login details*********
2023-04-07 00:12:02,963 [main] INFO nopCommere - **************Started Loging*********
2023-04-07 00:12:10,382 [main] INFO nopCommere - **************Serching cutomer by name*********
2023-04-07 10:00:39,212 [main] INFO nopCommere - **************Lunching URL*********
2023-04-07 10:00:39,229 [main] INFO nopCommere - **************Openning URL*********
2023-04-07 10:00:40,690 [main] INFO nopCommere - **************Providing login details*********
2023-04-07 10:00:40,746 [main] INFO nopCommere - **************Started Loging*********
2023-04-07 10:00:55,168 [main] INFO nopCommere - **************Adding new customer *********
2023-04-07 10:00:55,168 [main] INFO nopCommere - **************Providing customer detail*********
2023-04-07 10:01:02,830 [main] INFO nopCommere - **************Lunching URL*********
2023-04-07 10:01:02,830 [main] INFO nopCommere - **************Openning URL*********
2023-04-07 10:01:04,238 [main] INFO nopCommere - **************Providing login details*********
2023-04-07 10:01:04,279 [main] INFO nopCommere - **************Started Loging*********
2023-04-07 10:01:12,211 [main] INFO nopCommere - **************Serching cutomer by ID*********
2023-04-07 10:01:16,019 [main] INFO nopCommere - **************closing browser*********
2023-04-07 10:01:17,857 [main] INFO nopCommere - **************Lunching URL*********
2023-04-07 10:01:17,858 [main] INFO nopCommere - **************Openning URL*********
2023-04-07 10:01:19,288 [main] INFO nopCommere - **************Providing login details*********
2023-04-07 10:01:19,328 [main] INFO nopCommere - **************Started Loging*********
2023-04-07 10:01:26,823 [main] INFO nopCommere - **************Serching cutomer by name*********
2023-04-07 10:01:30,642 [main] INFO nopCommere - **************closing browser*********
2023-04-07 10:01:39,300 [main] INFO nopCommere - **************Lunching URL*********
2023-04-07 10:01:39,314 [main] INFO nopCommere - **************Openning URL*********
2023-04-07 10:01:40,723 [main] INFO nopCommere - **************Providing login details*********
2023-04-07 10:01:40,769 [main] INFO nopCommere - **************Started Loging*********
2023-04-07 10:01:53,836 [main] INFO nopCommere - **************Lunching URL*********
2023-04-07 10:01:53,838 [main] INFO nopCommere - **************Openning URL*********
2023-04-07 10:01:55,237 [main] INFO nopCommere - **************Providing login details*********
2023-04-07 10:01:55,279 [main] INFO nopCommere - **************Started Loging*********
2023-04-07 10:02:02,744 [main] INFO nopCommere - **************Serching cutomer by ID*********
2023-04-07 10:02:06,532 [main] INFO nopCommere - **************closing browser*********
2023-04-07 10:02:08,341 [main] INFO nopCommere - **************Lunching URL*********
2023-04-07 10:02:08,342 [main] INFO nopCommere - **************Openning URL*********
2023-04-07 10:02:09,304 [main] INFO nopCommere - **************Providing login details*********
2023-04-07 10:02:09,344 [main] INFO nopCommere - **************Started Loging*********
2023-04-07 10:02:18,779 [main] INFO nopCommere - **************Serching cutomer by name*********
2023-04-07 10:02:22,588 [main] INFO nopCommere - **************closing browser*********
2023-04-07 10:03:08,341 [main] INFO nopCommere - **************Lunching URL*********
2023-04-07 10:03:08,353 [main] INFO nopCommere - **************Openning URL*********
2023-04-07 10:03:09,275 [main] INFO nopCommere - **************Providing login details*********
2023-04-07 10:03:09,375 [main] INFO nopCommere - **************Started Loging*********
2023-04-07 10:03:25,615 [main] INFO nopCommere - **************Adding new customer *********
2023-04-07 10:03:25,615 [main] INFO nopCommere - **************Providing customer detail*********
2023-04-07 10:03:32,004 [main] INFO nopCommere - **************Saving custuomer data*********
2023-04-07 10:03:34,937 [main] INFO nopCommere - **************closing browser*********
2023-04-07 10:03:35,676 [main] INFO nopCommere - **************Lunching URL*********
2023-04-07 10:03:35,679 [main] INFO nopCommere - **************Openning URL*********
2023-04-07 10:03:36,573 [main] INFO nopCommere - **************Providing login details*********
2023-04-07 10:03:36,664 [main] INFO nopCommere - **************Started Loging*********
2023-04-07 10:03:44,574 [main] INFO nopCommere - **************Serching cutomer by ID*********
2023-04-07 10:03:47,696 [main] INFO nopCommere - **************closing browser*********
2023-04-07 10:03:48,441 [main] INFO nopCommere - **************Lunching URL*********
2023-04-07 10:03:48,441 [main] INFO nopCommere - **************Openning URL*********
2023-04-07 10:03:48,905 [main] INFO nopCommere - **************Providing login details*********
2023-04-07 10:03:48,994 [main] INFO nopCommere - **************Started Loging*********
2023-04-07 10:03:57,771 [main] INFO nopCommere - **************Serching cutomer by name*********
2023-04-07 10:04:00,927 [main] INFO nopCommere - **************closing browser*********
2023-04-07 19:45:44,901 [main] INFO nopCommere - **************Lunching URL*********
2023-04-07 19:45:44,914 [main] INFO nopCommere - **************Openning URL*********
2023-04-07 19:45:45,898 [main] INFO nopCommere - **************Providing login details*********
2023-04-07 19:45:46,008 [main] INFO nopCommere - **************Started Loging*********
2023-04-07 19:46:01,475 [main] INFO nopCommere - **************Adding new customer *********
2023-04-07 19:46:01,475 [main] INFO nopCommere - **************Providing customer detail*********
2023-04-07 19:46:07,865 [main] INFO nopCommere - **************Saving custuomer data*********
2023-04-07 19:46:10,771 [main] INFO nopCommere - **************closing browser*********
2023-04-07 19:46:11,532 [main] INFO nopCommere - **************Lunching URL*********
2023-04-07 19:46:11,536 [main] INFO nopCommere - **************Openning URL*********
2023-04-07 19:46:12,042 [main] INFO nopCommere - **************Providing login details*********
2023-04-07 19:46:12,135 [main] INFO nopCommere - **************Started Loging*********
2023-04-07 19:46:20,834 [main] INFO nopCommere - **************Serching cutomer by ID*********
2023-04-07 19:46:23,969 [main] INFO nopCommere - **************closing browser*********
2023-04-07 19:46:24,742 [main] INFO nopCommere - **************Lunching URL*********
2023-04-07 19:46:24,743 [main] INFO nopCommere - **************Openning URL*********
2023-04-07 19:46:25,285 [main] INFO nopCommere - **************Providing login details*********
2023-04-07 19:46:25,378 [main] INFO nopCommere - **************Started Loging*********
2023-04-07 19:46:34,249 [main] INFO nopCommere - **************Serching cutomer by name*********
2023-04-07 19:46:37,417 [main] INFO nopCommere - **************closing browser*********
2023-04-07 19:57:27,899 [main] INFO nopCommere - **************Lunching URL*********
2023-04-07 19:57:27,913 [main] INFO nopCommere - **************Openning URL*********
2023-04-07 19:57:28,858 [main] INFO nopCommere - **************Providing login details*********
2023-04-07 19:57:28,959 [main] INFO nopCommere - **************Started Loging*********
2023-04-07 19:57:44,501 [main] INFO nopCommere - **************Adding new customer *********
2023-04-07 19:57:44,501 [main] INFO nopCommere - **************Providing customer detail*********
2023-04-07 19:57:50,885 [main] INFO nopCommere - **************Saving custuomer data*********
2023-04-07 19:57:53,826 [main] INFO nopCommere - **************closing browser*********
2023-04-07 19:57:54,587 [main] INFO nopCommere - **************Lunching URL*********
2023-04-07 19:57:54,590 [main] INFO nopCommere - **************Openning URL*********
2023-04-07 19:57:55,115 [main] INFO nopCommere - **************Providing login details*********
2023-04-07 19:57:55,211 [main] INFO nopCommere - **************Started Loging*********
2023-04-07 19:57:57,709 [main] INFO nopCommere - **************Logging failed*********
2023-04-07 19:58:00,714 [main] INFO nopCommere - **************Click on logout link*********
2023-04-07 19:58:04,511 [main] INFO nopCommere - **************Logging failed*********
2023-04-07 19:58:07,520 [main] INFO nopCommere - **************closing browser*********
2023-04-07 20:02:47,501 [main] INFO nopCommere - **************Lunching URL*********
2023-04-07 20:02:47,514 [main] INFO nopCommere - **************Openning URL*********
2023-04-07 20:23:08,368 [main] INFO nopCommere - **************Lunching URL*********
2023-04-07 20:23:08,382 [main] INFO nopCommere - **************Openning URL*********
2023-04-07 20:23:09,340 [main] INFO nopCommere - **************Providing login details*********
2023-04-07 20:23:09,443 [main] INFO nopCommere - **************Started Loging*********
2023-04-07 20:23:24,792 [main] INFO nopCommere - **************Adding new customer *********
2023-04-07 20:23:24,792 [main] INFO nopCommere - **************Providing customer detail*********
2023-04-07 20:23:31,165 [main] INFO nopCommere - **************Saving custuomer data*********
2023-04-07 20:23:34,027 [main] INFO nopCommere - **************closing browser*********
2023-04-07 20:23:34,790 [main] INFO nopCommere - **************Lunching URL*********
2023-04-07 20:23:34,792 [main] INFO nopCommere - **************Openning URL*********
2023-04-07 20:23:35,751 [main] INFO nopCommere - **************Providing login details*********
2023-04-07 20:23:35,847 [main] INFO nopCommere - **************Started Loging*********
2023-04-07 20:23:37,416 [main] INFO nopCommere - **************Logging failed*********
2023-04-07 20:23:40,423 [main] INFO nopCommere - **************Click on logout link*********
2023-04-07 20:23:44,229 [main] INFO nopCommere - **************Logging failed*********
2023-04-07 20:23:47,244 [main] INFO nopCommere - **************closing browser*********
2023-04-07 20:53:37,326 [main] INFO nopCommere - **************Lunching URL*********
2023-04-07 20:53:37,339 [main] INFO nopCommere - **************Openning URL*********
2023-04-07 20:53:38,299 [main] INFO nopCommere - **************Providing login details*********
2023-04-07 20:53:38,402 [main] INFO nopCommere - **************Started Loging*********
2023-04-07 20:53:54,267 [main] INFO nopCommere - **************Adding new customer *********
2023-04-07 20:53:54,267 [main] INFO nopCommere - **************Providing customer detail*********
2023-04-07 20:54:00,649 [main] INFO nopCommere - **************Saving custuomer data*********
2023-04-07 20:54:03,505 [main] INFO nopCommere - **************closing browser*********
2023-04-07 20:55:29,690 [main] INFO nopCommere - **************Lunching URL*********
2023-04-07 20:55:29,706 [main] INFO nopCommere - **************Openning URL*********
2023-04-07 20:55:31,780 [main] INFO nopCommere - **************Providing login details*********
2023-04-07 20:55:31,876 [main] INFO nopCommere - **************Started Loging*********
2023-04-07 20:58:17,028 [main] INFO nopCommere - **************Lunching URL*********
2023-04-07 20:58:17,044 [main] INFO nopCommere - **************Openning URL*********
2023-04-07 20:58:17,976 [main] INFO nopCommere - **************Providing login details*********
2023-04-07 20:58:18,087 [main] INFO nopCommere - **************Started Loging*********
2023-04-07 20:58:40,399 [main] INFO nopCommere - **************Lunching URL*********
2023-04-07 20:58:40,412 [main] INFO nopCommere - **************Openning URL*********
2023-04-07 20:58:41,232 [main] INFO nopCommere - **************Providing login details*********
2023-04-07 20:58:41,329 [main] INFO nopCommere - **************Started Loging*********
2023-04-07 21:14:43,334 [main] INFO nopCommere - **************Lunching URL*********
2023-04-07 21:14:43,349 [main] INFO nopCommere - **************Openning URL*********
2023-04-07 21:14:44,262 [main] INFO nopCommere - **************Providing login details*********
2023-04-07 21:14:44,363 [main] INFO nopCommere - **************Started Loging*********
2023-04-07 21:17:58,818 [main] INFO nopCommere - **************Lunching URL*********
2023-04-07 21:17:58,831 [main] INFO nopCommere - **************Openning URL*********
2023-04-07 21:17:59,777 [main] INFO nopCommere - **************Providing login details*********
2023-04-07 21:17:59,874 [main] INFO nopCommere - **************Started Loging*********
2023-04-07 21:18:15,236 [main] INFO nopCommere - **************Adding new customer *********
2023-04-07 21:18:15,236 [main] INFO nopCommere - **************Providing customer detail*********
2023-04-07 21:18:21,615 [main] INFO nopCommere - **************Saving custuomer data*********
2023-04-07 21:18:24,537 [main] INFO nopCommere - **************closing browser*********
2023-04-07 21:18:25,295 [main] INFO nopCommere - **************Lunching URL*********
2023-04-07 21:18:25,297 [main] INFO nopCommere - **************Openning URL*********
2023-04-07 21:18:26,246 [main] INFO nopCommere - **************Providing login details*********
2023-04-07 21:18:26,339 [main] INFO nopCommere - **************Started Loging*********
2023-04-07 21:18:35,247 [main] INFO nopCommere - **************Serching cutomer by ID*********
2023-04-07 21:18:38,370 [main] INFO nopCommere - **************closing browser*********
2023-04-07 21:18:39,114 [main] INFO nopCommere - **************Lunching URL*********
2023-04-07 21:18:39,115 [main] INFO nopCommere - **************Openning URL*********
2023-04-07 21:18:40,083 [main] INFO nopCommere - **************Providing login details*********
2023-04-07 21:18:40,175 [main] INFO nopCommere - **************Started Loging*********
2023-04-07 21:18:48,885 [main] INFO nopCommere - **************Serching cutomer by name*********
2023-04-07 21:18:52,052 [main] INFO nopCommere - **************closing browser*********
2023-04-07 21:18:52,806 [main] INFO nopCommere - **************Lunching URL*********
2023-04-07 21:18:52,807 [main] INFO nopCommere - **************Openning URL*********
2023-04-07 21:18:53,725 [main] INFO nopCommere - **************Providing login details*********
2023-04-07 21:18:53,820 [main] INFO nopCommere - **************Started Loging*********
2023-04-07 21:18:56,075 [main] INFO nopCommere - **************Logging failed*********
2023-04-07 21:18:59,093 [main] INFO nopCommere - **************Click on logout link*********
2023-04-07 21:19:02,940 [main] INFO nopCommere - **************Logging failed*********
2023-04-07 21:19:05,943 [main] INFO nopCommere - **************closing browser*********
2023-04-07 21:19:06,689 [main] INFO nopCommere - **************Lunching URL*********
2023-04-07 21:19:06,690 [main] INFO nopCommere - **************Openning URL*********
2023-04-07 21:19:07,607 [main] INFO nopCommere - **************Providing login details*********
2023-04-07 21:19:07,700 [main] INFO nopCommere - **************Started Loging*********
2023-04-07 21:19:10,143 [main] INFO nopCommere - **************Logging failed*********
2023-04-07 21:19:13,151 [main] INFO nopCommere - **************Click on logout link*********
2023-04-07 21:19:16,947 [main] INFO nopCommere - **************Logging failed*********
2023-04-07 21:19:19,950 [main] INFO nopCommere - **************closing browser*********
2023-04-07 21:19:20,677 [main] INFO nopCommere - **************Lunching URL*********
2023-04-07 21:19:20,678 [main] INFO nopCommere - **************Openning URL*********
2023-04-07 21:19:21,599 [main] INFO nopCommere - **************Providing login details*********
2023-04-07 21:19:21,694 [main] INFO nopCommere - **************Started Loging*********
2023-04-07 21:19:22,031 [main] INFO nopCommere - **************Logginf passed*********
2023-04-07 21:48:46,950 [main] INFO nopCommere - **************Lunching URL*********
2023-04-07 21:48:46,963 [main] INFO nopCommere - **************Openning URL*********
2023-04-07 21:48:48,220 [main] INFO nopCommere - **************Providing login details*********
2023-04-07 21:48:48,317 [main] INFO nopCommere - **************Started Loging*********
2023-04-07 21:49:03,713 [main] INFO nopCommere - **************Adding new customer *********
2023-04-07 21:49:03,713 [main] INFO nopCommere - **************Providing customer detail*********
2023-04-07 21:49:10,090 [main] INFO nopCommere - **************Saving custuomer data*********
2023-04-07 21:49:13,057 [main] INFO nopCommere - **************closing browser*********
2023-04-07 21:49:15,469 [main] INFO nopCommere - **************Lunching URL*********
2023-04-07 21:49:15,472 [main] INFO nopCommere - **************Openning URL*********
2023-04-07 21:49:16,415 [main] INFO nopCommere - **************Providing login details*********
2023-04-07 21:49:16,511 [main] INFO nopCommere - **************Started Loging*********
2023-04-07 21:49:25,279 [main] INFO nopCommere - **************Serching cutomer by ID*********
2023-04-07 21:49:28,413 [main] INFO nopCommere - **************closing browser*********
2023-04-07 21:49:30,837 [main] INFO nopCommere - **************Lunching URL*********
2023-04-07 21:49:30,838 [main] INFO nopCommere - **************Openning URL*********
2023-04-07 21:49:31,320 [main] INFO nopCommere - **************Providing login details*********
2023-04-07 21:49:31,415 [main] INFO nopCommere - **************Started Loging*********
2023-04-07 21:49:40,264 [main] INFO nopCommere - **************Serching cutomer by name*********
2023-04-07 21:49:43,419 [main] INFO nopCommere - **************closing browser*********
2023-04-07 21:49:45,851 [main] INFO nopCommere - **************Lunching URL*********
2023-04-07 21:49:45,851 [main] INFO nopCommere - **************Openning URL*********
2023-04-07 21:49:46,316 [main] INFO nopCommere - **************Providing login details*********
2023-04-07 21:49:46,410 [main] INFO nopCommere - **************Started Loging*********
2023-04-07 21:49:47,679 [main] INFO nopCommere - **************Logging failed*********
2023-04-07 21:49:50,692 [main] INFO nopCommere - **************Click on logout link*********
2023-04-07 21:49:54,467 [main] INFO nopCommere - **************Logging failed*********
2023-04-07 21:49:57,478 [main] INFO nopCommere - **************closing browser*********
2023-04-07 21:49:59,874 [main] INFO nopCommere - **************Lunching URL*********
2023-04-07 21:49:59,875 [main] INFO nopCommere - **************Openning URL*********
2023-04-07 21:50:00,791 [main] INFO nopCommere - **************Providing login details*********
2023-04-07 21:50:00,887 [main] INFO nopCommere - **************Started Loging*********
2023-04-07 21:50:02,584 [main] INFO nopCommere - **************Logging failed*********
2023-04-07 21:50:05,590 [main] INFO nopCommere - **************Click on logout link*********
2023-04-07 21:50:09,418 [main] INFO nopCommere - **************Logging failed*********
2023-04-07 21:50:12,434 [main] INFO nopCommere - **************closing browser*********
2023-04-07 21:50:14,851 [main] INFO nopCommere - **************Lunching URL*********
2023-04-07 21:50:14,852 [main] INFO nopCommere - **************Openning URL*********
2023-04-07 21:50:15,319 [main] INFO nopCommere - **************Providing login details*********
2023-04-07 21:50:15,415 [main] INFO nopCommere - **************Started Loging*********
2023-04-07 21:50:16,199 [main] INFO nopCommere - **************Logginf passed*********
2023-04-07 21:53:24,812 [main] INFO nopCommere - **************Lunching URL*********
2023-04-07 21:53:24,825 [main] INFO nopCommere - **************Openning URL*********
2023-04-07 21:53:25,747 [main] INFO nopCommere - **************Providing login details*********
2023-04-07 21:53:25,845 [main] INFO nopCommere - **************Started Loging*********
2023-04-07 21:53:41,314 [main] INFO nopCommere - **************Adding new customer *********
2023-04-07 21:53:41,315 [main] INFO nopCommere - **************Providing customer detail*********
2023-04-07 21:53:47,700 [main] INFO nopCommere - **************Saving custuomer data*********
2023-04-07 21:53:50,582 [main] INFO nopCommere - **************closing browser*********
2023-04-07 21:53:53,062 [main] INFO nopCommere - **************Lunching URL*********
2023-04-07 21:53:53,064 [main] INFO nopCommere - **************Openning URL*********
2023-04-07 21:53:54,001 [main] INFO nopCommere - **************Providing login details*********
2023-04-07 21:53:54,097 [main] INFO nopCommere - **************Started Loging*********
2023-04-07 21:54:02,789 [main] INFO nopCommere - **************Serching cutomer by ID*********
2023-04-07 21:54:05,914 [main] INFO nopCommere - **************closing browser*********
2023-04-07 21:54:08,431 [main] INFO nopCommere - **************Lunching URL*********
2023-04-07 21:54:08,432 [main] INFO nopCommere - **************Openning URL*********
2023-04-07 21:54:09,350 [main] INFO nopCommere - **************Providing login details*********
2023-04-07 21:54:09,443 [main] INFO nopCommere - **************Started Loging*********
2023-04-07 21:54:17,909 [main] INFO nopCommere - **************Serching cutomer by name*********
2023-04-07 21:54:21,085 [main] INFO nopCommere - **************closing browser*********
2023-04-07 21:54:23,602 [main] INFO nopCommere - **************Lunching URL*********
2023-04-07 21:54:23,602 [main] INFO nopCommere - **************Openning URL*********
2023-04-07 21:54:24,100 [main] INFO nopCommere - **************Providing login details*********
2023-04-07 21:54:24,192 [main] INFO nopCommere - **************Started Loging*********
2023-04-07 21:54:25,918 [main] INFO nopCommere - **************Logging failed*********
2023-04-07 21:54:28,929 [main] INFO nopCommere - **************Click on logout link*********
2023-04-07 21:54:32,784 [main] INFO nopCommere - **************Logging failed*********
2023-04-07 21:54:35,801 [main] INFO nopCommere - **************closing browser*********
2023-04-07 21:54:38,304 [main] INFO nopCommere - **************Lunching URL*********
2023-04-07 21:54:38,304 [main] INFO nopCommere - **************Openning URL*********
2023-04-07 21:54:39,240 [main] INFO nopCommere - **************Providing login details*********
2023-04-07 21:54:39,332 [main] INFO nopCommere - **************Started Loging*********
2023-04-07 21:54:40,559 [main] INFO nopCommere - **************Logging failed*********
2023-04-07 21:54:43,563 [main] INFO nopCommere - **************Click on logout link*********
2023-04-07 21:54:47,433 [main] INFO nopCommere - **************Logging failed*********
2023-04-07 21:54:50,436 [main] INFO nopCommere - **************closing browser*********
2023-04-07 21:54:52,892 [main] INFO nopCommere - **************Lunching URL*********
2023-04-07 21:54:52,893 [main] INFO nopCommere - **************Openning URL*********
2023-04-07 21:54:53,374 [main] INFO nopCommere - **************Providing login details*********
2023-04-07 21:54:53,468 [main] INFO nopCommere - **************Started Loging*********
2023-04-07 21:54:53,836 [main] INFO nopCommere - **************Logginf passed*********
2023-04-07 21:55:33,144 [main] INFO nopCommere - **************Lunching URL*********
2023-04-07 21:55:33,157 [main] INFO nopCommere - **************Openning URL*********
2023-04-07 21:55:34,109 [main] INFO nopCommere - **************Providing login details*********
2023-04-07 21:55:34,209 [main] INFO nopCommere - **************Started Loging*********
2023-04-07 21:55:49,225 [main] INFO nopCommere - **************Adding new customer *********
2023-04-07 21:55:49,225 [main] INFO nopCommere - **************Providing customer detail*********
2023-04-07 21:55:55,611 [main] INFO nopCommere - **************Saving custuomer data*********
2023-04-07 21:55:58,509 [main] INFO nopCommere - **************closing browser*********
2023-04-07 21:56:01,030 [main] INFO nopCommere - **************Lunching URL*********
2023-04-07 21:56:01,032 [main] INFO nopCommere - **************Openning URL*********
2023-04-07 21:56:01,981 [main] INFO nopCommere - **************Providing login details*********
2023-04-07 21:56:02,077 [main] INFO nopCommere - **************Started Loging*********
2023-04-07 21:56:04,130 [main] INFO nopCommere - **************Logging failed*********
2023-04-07 21:56:07,145 [main] INFO nopCommere - **************Click on logout link*********
2023-04-07 21:56:11,055 [main] INFO nopCommere - **************Logging failed*********
2023-04-07 21:56:14,067 [main] INFO nopCommere - **************closing browser*********
2023-04-07 23:51:58,838 [main] INFO nopCommere - **************Lunching URL*********
2023-04-07 23:51:58,853 [main] INFO nopCommere - **************Openning URL*********
2023-04-07 23:51:59,804 [main] INFO nopCommere - **************Providing login details*********
2023-04-07 23:51:59,909 [main] INFO nopCommere - **************Started Loging*********
2023-04-07 23:57:24,062 [main] INFO nopCommere - **************Lunching URL*********
2023-04-07 23:57:24,082 [main] INFO nopCommere - **************Openning URL*********
2023-04-07 23:57:25,040 [main] INFO nopCommere - **************Providing login details*********
2023-04-07 23:57:25,153 [main] INFO nopCommere - **************Started Loging*********
2023-04-07 23:57:48,132 [main] INFO nopCommere - **************Adding new customer *********
2023-04-07 23:57:48,132 [main] INFO nopCommere - **************Providing customer detail*********
2023-04-07 23:57:54,531 [main] INFO nopCommere - **************Saving custuomer data*********
2023-04-07 23:57:57,512 [main] INFO nopCommere - **************closing browser*********
2023-04-07 23:58:00,042 [main] INFO nopCommere - **************Lunching URL*********
2023-04-07 23:58:00,045 [main] INFO nopCommere - **************Openning URL*********
2023-04-07 23:58:00,952 [main] INFO nopCommere - **************Providing login details*********
2023-04-07 23:58:01,048 [main] INFO nopCommere - **************Started Loging*********
2023-04-07 23:58:03,027 [main] INFO nopCommere - **************Logging failed*********
2023-04-07 23:58:06,043 [main] INFO nopCommere - **************Click on logout link*********
2023-04-07 23:58:09,822 [main] INFO nopCommere - **************Logging failed*********
2023-04-07 23:58:12,843 [main] INFO nopCommere - **************closing browser*********
2023-04-08 00:57:13,124 [main] INFO nopCommere - **************Lunching URL*********
2023-04-08 00:57:13,136 [main] INFO nopCommere - **************Openning URL*********
2023-04-08 00:57:14,048 [main] INFO nopCommere - **************Providing login details*********
2023-04-08 00:57:14,146 [main] INFO nopCommere - **************Started Loging*********
2023-04-08 01:03:06,298 [main] INFO nopCommere - **************Lunching URL*********
2023-04-08 01:03:06,312 [main] INFO nopCommere - **************Openning URL*********
2023-04-08 01:05:47,208 [main] INFO nopCommere - **************Lunching URL*********
2023-04-08 01:05:47,224 [main] INFO nopCommere - **************Openning URL*********
